<?xml version="1.0" encoding="UTF-8"?>
<testsuite xmlns:xsi="http://www.w3.org/2001/XMLSchema-instance" xsi:noNamespaceSchemaLocation="https://maven.apache.org/surefire/maven-surefire-plugin/xsd/surefire-test-report.xsd" name="com.ijudy.mapper.EmployeeMapperTest" time="1.2" tests="1" errors="1" skipped="0" failures="0">
  <properties>
[...]
</properties>
  <testcase name="testService" classname="com.ijudy.mapper.EmployeeMapperTest" time="0.006">
    <error message="Error creating bean with name &apos;com.ijudy.mapper.EmployeeMapperTest&apos;: Unsatisfied dependency expressed through field &apos;mapper&apos;; nested exception is org.springframework.beans.factory.NoSuchBeanDefinitionException: No qualifying bean of type &apos;com.ijudy.mapper.EmployeeMapper&apos; available: expected at least 1 bean which qualifies as autowire candidate. Dependency annotations: {@org.springframework.beans.factory.annotation.Autowired(required=true)}" type="org.springframework.beans.factory.UnsatisfiedDependencyException">org.springframework.beans.factory.UnsatisfiedDependencyException: Error creating bean with name 'com.ijudy.mapper.EmployeeMapperTest': Unsatisfied dependency expressed through field 'mapper'; nested exception is org.springframework.beans.factory.NoSuchBeanDefinitionException: No qualifying bean of type 'com.ijudy.mapper.EmployeeMapper' available: expected at least 1 bean which qualifies as autowire candidate. Dependency annotations: {@org.springframework.beans.factory.annotation.Autowired(required=true)}
Caused by: org.springframework.beans.factory.NoSuchBeanDefinitionException: No qualifying bean of type 'com.ijudy.mapper.EmployeeMapper' available: expected at least 1 bean which qualifies as autowire candidate. Dependency annotations: {@org.springframework.beans.factory.annotation.Autowired(required=true)}
</error>
    <system-out><![CDATA[01:00:17.560 [main] DEBUG org.springframework.test.context.junit4.SpringJUnit4ClassRunner - SpringJUnit4ClassRunner constructor called with [class com.ijudy.mapper.EmployeeMapperTest]
01:00:17.569 [main] DEBUG org.springframework.test.context.BootstrapUtils - Instantiating CacheAwareContextLoaderDelegate from class [org.springframework.test.context.cache.DefaultCacheAwareContextLoaderDelegate]
01:00:17.580 [main] DEBUG org.springframework.test.context.BootstrapUtils - Instantiating BootstrapContext using constructor [public org.springframework.test.context.support.DefaultBootstrapContext(java.lang.Class,org.springframework.test.context.CacheAwareContextLoaderDelegate)]
01:00:17.597 [main] DEBUG org.springframework.test.context.BootstrapUtils - Instantiating TestContextBootstrapper for test class [com.ijudy.mapper.EmployeeMapperTest] from class [org.springframework.boot.test.context.SpringBootTestContextBootstrapper]
01:00:17.610 [main] INFO org.springframework.boot.test.context.SpringBootTestContextBootstrapper - Neither @ContextConfiguration nor @ContextHierarchy found for test class [com.ijudy.mapper.EmployeeMapperTest], using SpringBootContextLoader
01:00:17.613 [main] DEBUG org.springframework.test.context.support.AbstractContextLoader - Did not detect default resource location for test class [com.ijudy.mapper.EmployeeMapperTest]: class path resource [com/ijudy/mapper/EmployeeMapperTest-context.xml] does not exist
01:00:17.614 [main] DEBUG org.springframework.test.context.support.AbstractContextLoader - Did not detect default resource location for test class [com.ijudy.mapper.EmployeeMapperTest]: class path resource [com/ijudy/mapper/EmployeeMapperTestContext.groovy] does not exist
01:00:17.614 [main] INFO org.springframework.test.context.support.AbstractContextLoader - Could not detect default resource locations for test class [com.ijudy.mapper.EmployeeMapperTest]: no resource found for suffixes {-context.xml, Context.groovy}.
01:00:17.660 [main] DEBUG org.springframework.test.context.support.ActiveProfilesUtils - Could not find an 'annotation declaring class' for annotation type [org.springframework.test.context.ActiveProfiles] and class [com.ijudy.mapper.EmployeeMapperTest]
01:00:17.792 [main] DEBUG org.springframework.boot.test.context.SpringBootTestContextBootstrapper - @TestExecutionListeners is not present for class [com.ijudy.mapper.EmployeeMapperTest]: using defaults.
01:00:17.792 [main] INFO org.springframework.boot.test.context.SpringBootTestContextBootstrapper - Loaded default TestExecutionListener class names from location [META-INF/spring.factories]: [org.springframework.boot.test.mock.mockito.MockitoTestExecutionListener, org.springframework.boot.test.mock.mockito.ResetMocksTestExecutionListener, org.springframework.boot.test.autoconfigure.restdocs.RestDocsTestExecutionListener, org.springframework.boot.test.autoconfigure.web.client.MockRestServiceServerResetTestExecutionListener, org.springframework.boot.test.autoconfigure.web.servlet.MockMvcPrintOnlyOnFailureTestExecutionListener, org.springframework.boot.test.autoconfigure.web.servlet.WebDriverTestExecutionListener, org.springframework.test.context.web.ServletTestExecutionListener, org.springframework.test.context.support.DirtiesContextBeforeModesTestExecutionListener, org.springframework.test.context.support.DependencyInjectionTestExecutionListener, org.springframework.test.context.support.DirtiesContextTestExecutionListener, org.springframework.test.context.transaction.TransactionalTestExecutionListener, org.springframework.test.context.jdbc.SqlScriptsTestExecutionListener]
01:00:17.801 [main] DEBUG org.springframework.boot.test.context.SpringBootTestContextBootstrapper - Skipping candidate TestExecutionListener [org.springframework.test.context.web.ServletTestExecutionListener] due to a missing dependency. Specify custom listener classes or make the default listener classes and their required dependencies available. Offending class: [javax/servlet/ServletContext]
01:00:17.811 [main] INFO org.springframework.boot.test.context.SpringBootTestContextBootstrapper - Using TestExecutionListeners: [org.springframework.test.context.support.DirtiesContextBeforeModesTestExecutionListener@495ee280, org.springframework.boot.test.mock.mockito.MockitoTestExecutionListener@4fa1c212, org.springframework.boot.test.autoconfigure.SpringBootDependencyInjectionTestExecutionListener@6ea2bc93, org.springframework.test.context.support.DirtiesContextTestExecutionListener@3116c353, org.springframework.test.context.transaction.TransactionalTestExecutionListener@f627d13, org.springframework.test.context.jdbc.SqlScriptsTestExecutionListener@4e928fbf, org.springframework.boot.test.mock.mockito.ResetMocksTestExecutionListener@352ff4da, org.springframework.boot.test.autoconfigure.restdocs.RestDocsTestExecutionListener@3224a577, org.springframework.boot.test.autoconfigure.web.client.MockRestServiceServerResetTestExecutionListener@2e32ccc5, org.springframework.boot.test.autoconfigure.web.servlet.MockMvcPrintOnlyOnFailureTestExecutionListener@748741cb, org.springframework.boot.test.autoconfigure.web.servlet.WebDriverTestExecutionListener@3e44f2a5]
01:00:17.813 [main] DEBUG org.springframework.test.annotation.ProfileValueUtils - Retrieved @ProfileValueSourceConfiguration [null] for test class [com.ijudy.mapper.EmployeeMapperTest]
01:00:17.813 [main] DEBUG org.springframework.test.annotation.ProfileValueUtils - Retrieved ProfileValueSource type [class org.springframework.test.annotation.SystemProfileValueSource] for class [com.ijudy.mapper.EmployeeMapperTest]
01:00:17.815 [main] DEBUG org.springframework.test.annotation.ProfileValueUtils - Retrieved @ProfileValueSourceConfiguration [null] for test class [com.ijudy.mapper.EmployeeMapperTest]
01:00:17.815 [main] DEBUG org.springframework.test.annotation.ProfileValueUtils - Retrieved ProfileValueSource type [class org.springframework.test.annotation.SystemProfileValueSource] for class [com.ijudy.mapper.EmployeeMapperTest]
01:00:17.816 [main] DEBUG org.springframework.test.annotation.ProfileValueUtils - Retrieved @ProfileValueSourceConfiguration [null] for test class [com.ijudy.mapper.EmployeeMapperTest]
01:00:17.816 [main] DEBUG org.springframework.test.annotation.ProfileValueUtils - Retrieved ProfileValueSource type [class org.springframework.test.annotation.SystemProfileValueSource] for class [com.ijudy.mapper.EmployeeMapperTest]
01:00:17.820 [main] DEBUG org.springframework.test.context.support.AbstractDirtiesContextTestExecutionListener - Before test class: context [DefaultTestContext@51c693d testClass = EmployeeMapperTest, testInstance = [null], testMethod = [null], testException = [null], mergedContextConfiguration = [MergedContextConfiguration@6a57ae10 testClass = EmployeeMapperTest, locations = '{}', classes = '{class com.ijudy.SpringbootJdbcDemoApplication, class com.ijudy.SpringbootJdbcDemoApplication}', contextInitializerClasses = '[]', activeProfiles = '{}', propertySourceLocations = '{}', propertySourceProperties = '{org.springframework.boot.test.context.SpringBootTestContextBootstrapper=true}', contextCustomizers = set[org.springframework.boot.test.context.filter.ExcludeFilterContextCustomizer@49912c99, org.springframework.boot.test.json.DuplicateJsonObjectContextCustomizerFactory$DuplicateJsonObjectContextCustomizer@15bbf42f, org.springframework.boot.test.mock.mockito.MockitoContextCustomizer@0, org.springframework.boot.test.web.client.TestRestTemplateContextCustomizer@6babf3bf, org.springframework.boot.test.autoconfigure.properties.PropertyMappingContextCustomizer@0, org.springframework.boot.test.autoconfigure.web.servlet.WebDriverContextCustomizerFactory$Customizer@67c33749], contextLoader = 'org.springframework.boot.test.context.SpringBootContextLoader', parent = [null]], attributes = map['org.springframework.test.context.web.ServletTestExecutionListener.activateListener' -> false]], class annotated with @DirtiesContext [false] with mode [null].
01:00:17.820 [main] DEBUG org.springframework.test.annotation.ProfileValueUtils - Retrieved @ProfileValueSourceConfiguration [null] for test class [com.ijudy.mapper.EmployeeMapperTest]
01:00:17.820 [main] DEBUG org.springframework.test.annotation.ProfileValueUtils - Retrieved ProfileValueSource type [class org.springframework.test.annotation.SystemProfileValueSource] for class [com.ijudy.mapper.EmployeeMapperTest]
01:00:17.825 [main] DEBUG org.springframework.test.context.support.DependencyInjectionTestExecutionListener - Performing dependency injection for test context [[DefaultTestContext@51c693d testClass = EmployeeMapperTest, testInstance = com.ijudy.mapper.EmployeeMapperTest@379614be, testMethod = [null], testException = [null], mergedContextConfiguration = [MergedContextConfiguration@6a57ae10 testClass = EmployeeMapperTest, locations = '{}', classes = '{class com.ijudy.SpringbootJdbcDemoApplication, class com.ijudy.SpringbootJdbcDemoApplication}', contextInitializerClasses = '[]', activeProfiles = '{}', propertySourceLocations = '{}', propertySourceProperties = '{org.springframework.boot.test.context.SpringBootTestContextBootstrapper=true}', contextCustomizers = set[org.springframework.boot.test.context.filter.ExcludeFilterContextCustomizer@49912c99, org.springframework.boot.test.json.DuplicateJsonObjectContextCustomizerFactory$DuplicateJsonObjectContextCustomizer@15bbf42f, org.springframework.boot.test.mock.mockito.MockitoContextCustomizer@0, org.springframework.boot.test.web.client.TestRestTemplateContextCustomizer@6babf3bf, org.springframework.boot.test.autoconfigure.properties.PropertyMappingContextCustomizer@0, org.springframework.boot.test.autoconfigure.web.servlet.WebDriverContextCustomizerFactory$Customizer@67c33749], contextLoader = 'org.springframework.boot.test.context.SpringBootContextLoader', parent = [null]], attributes = map['org.springframework.test.context.web.ServletTestExecutionListener.activateListener' -> false]]].
01:00:17.846 [main] DEBUG org.springframework.core.env.StandardEnvironment - Adding PropertySource 'systemProperties' with lowest search precedence
01:00:17.847 [main] DEBUG org.springframework.core.env.StandardEnvironment - Adding PropertySource 'systemEnvironment' with lowest search precedence
01:00:17.847 [main] DEBUG org.springframework.core.env.StandardEnvironment - Initialized StandardEnvironment with PropertySources [MapPropertySource@417557780 {name='systemProperties', properties={sun.desktop=windows, awt.toolkit=sun.awt.windows.WToolkit, java.specification.version=10, file.encoding.pkg=sun.io, sun.cpu.isalist=amd64, sun.jnu.encoding=Cp1252, java.class.path=E:\eclipse-workspace\db2array\target\test-classes;E:\eclipse-workspace\db2array\target\classes;C:\Users\hscav\.m2\repository\org\springframework\boot\spring-boot-starter\2.1.0.BUILD-SNAPSHOT\spring-boot-starter-2.1.0.BUILD-SNAPSHOT.jar;C:\Users\hscav\.m2\repository\org\springframework\boot\spring-boot\2.1.0.BUILD-SNAPSHOT\spring-boot-2.1.0.BUILD-SNAPSHOT.jar;C:\Users\hscav\.m2\repository\org\springframework\boot\spring-boot-autoconfigure\2.1.0.BUILD-SNAPSHOT\spring-boot-autoconfigure-2.1.0.BUILD-SNAPSHOT.jar;C:\Users\hscav\.m2\repository\org\springframework\boot\spring-boot-starter-logging\2.1.0.BUILD-SNAPSHOT\spring-boot-starter-logging-2.1.0.BUILD-SNAPSHOT.jar;C:\Users\hscav\.m2\repository\org\apache\logging\log4j\log4j-to-slf4j\2.10.0\log4j-to-slf4j-2.10.0.jar;C:\Users\hscav\.m2\repository\org\apache\logging\log4j\log4j-api\2.10.0\log4j-api-2.10.0.jar;C:\Users\hscav\.m2\repository\org\slf4j\jul-to-slf4j\1.7.25\jul-to-slf4j-1.7.25.jar;C:\Users\hscav\.m2\repository\javax\annotation\javax.annotation-api\1.3.2\javax.annotation-api-1.3.2.jar;C:\Users\hscav\.m2\repository\org\springframework\spring-core\5.0.6.RELEASE\spring-core-5.0.6.RELEASE.jar;C:\Users\hscav\.m2\repository\org\springframework\spring-jcl\5.0.6.RELEASE\spring-jcl-5.0.6.RELEASE.jar;C:\Users\hscav\.m2\repository\org\yaml\snakeyaml\1.19\snakeyaml-1.19.jar;C:\Users\hscav\.m2\repository\org\springframework\boot\spring-boot-starter-test\2.1.0.BUILD-SNAPSHOT\spring-boot-starter-test-2.1.0.BUILD-SNAPSHOT.jar;C:\Users\hscav\.m2\repository\org\springframework\boot\spring-boot-test\2.1.0.BUILD-SNAPSHOT\spring-boot-test-2.1.0.BUILD-SNAPSHOT.jar;C:\Users\hscav\.m2\repository\org\springframework\boot\spring-boot-test-autoconfigure\2.1.0.BUILD-SNAPSHOT\spring-boot-test-autoconfigure-2.1.0.BUILD-SNAPSHOT.jar;C:\Users\hscav\.m2\repository\com\jayway\jsonpath\json-path\2.4.0\json-path-2.4.0.jar;C:\Users\hscav\.m2\repository\net\minidev\json-smart\2.3\json-smart-2.3.jar;C:\Users\hscav\.m2\repository\net\minidev\accessors-smart\1.2\accessors-smart-1.2.jar;C:\Users\hscav\.m2\repository\org\ow2\asm\asm\5.0.4\asm-5.0.4.jar;C:\Users\hscav\.m2\repository\junit\junit\4.12\junit-4.12.jar;C:\Users\hscav\.m2\repository\org\mockito\mockito-core\2.18.3\mockito-core-2.18.3.jar;C:\Users\hscav\.m2\repository\net\bytebuddy\byte-buddy\1.7.11\byte-buddy-1.7.11.jar;C:\Users\hscav\.m2\repository\net\bytebuddy\byte-buddy-agent\1.7.11\byte-buddy-agent-1.7.11.jar;C:\Users\hscav\.m2\repository\org\objenesis\objenesis\2.6\objenesis-2.6.jar;C:\Users\hscav\.m2\repository\org\hamcrest\hamcrest-core\1.3\hamcrest-core-1.3.jar;C:\Users\hscav\.m2\repository\org\hamcrest\hamcrest-library\1.3\hamcrest-library-1.3.jar;C:\Users\hscav\.m2\repository\org\skyscreamer\jsonassert\1.5.0\jsonassert-1.5.0.jar;C:\Users\hscav\.m2\repository\com\vaadin\external\google\android-json\0.0.20131108.vaadin1\android-json-0.0.20131108.vaadin1.jar;C:\Users\hscav\.m2\repository\org\xmlunit\xmlunit-core\2.5.1\xmlunit-core-2.5.1.jar;C:\Users\hscav\.m2\repository\org\apache\commons\commons-lang3\3.7\commons-lang3-3.7.jar;C:\Users\hscav\.m2\repository\com\ibm\db2\jcc\db2jcc4\10.1\db2jcc4-10.1.jar;C:\Users\hscav\.m2\repository\com\ibm\db2\db2jcc_license_cu\10.1\db2jcc_license_cu-10.1.jar;C:\Users\hscav\.m2\repository\org\mybatis\mybatis\3.4.6\mybatis-3.4.6.jar;C:\Users\hscav\.m2\repository\org\mybatis\mybatis-spring\1.3.2\mybatis-spring-1.3.2.jar;C:\Users\hscav\.m2\repository\org\springframework\spring-context\5.0.6.RELEASE\spring-context-5.0.6.RELEASE.jar;C:\Users\hscav\.m2\repository\org\springframework\spring-aop\5.0.6.RELEASE\spring-aop-5.0.6.RELEASE.jar;C:\Users\hscav\.m2\repository\org\springframework\spring-beans\5.0.6.RELEASE\spring-beans-5.0.6.RELEASE.jar;C:\Users\hscav\.m2\repository\org\springframework\spring-expression\5.0.6.RELEASE\spring-expression-5.0.6.RELEASE.jar;C:\Users\hscav\.m2\repository\org\springframework\spring-jdbc\5.0.6.RELEASE\spring-jdbc-5.0.6.RELEASE.jar;C:\Users\hscav\.m2\repository\org\springframework\spring-tx\5.0.6.RELEASE\spring-tx-5.0.6.RELEASE.jar;C:\Users\hscav\.m2\repository\org\springframework\spring-test\5.0.6.RELEASE\spring-test-5.0.6.RELEASE.jar;C:\Users\hscav\.m2\repository\org\springframework\spring-web\5.0.6.RELEASE\spring-web-5.0.6.RELEASE.jar;C:\Users\hscav\.m2\repository\org\assertj\assertj-core\3.10.0\assertj-core-3.10.0.jar;C:\Users\hscav\.m2\repository\ch\qos\logback\logback-classic\1.1.11\logback-classic-1.1.11.jar;C:\Users\hscav\.m2\repository\ch\qos\logback\logback-core\1.2.3\logback-core-1.2.3.jar;C:\Users\hscav\.m2\repository\org\slf4j\slf4j-api\1.7.25\slf4j-api-1.7.25.jar;, java.vm.vendor="Oracle Corporation", sun.arch.data.model=64, user.variant=, java.vendor.url=http://java.oracle.com/, user.timezone=America/New_York, os.name=Windows 10, java.vm.specification.version=10, sun.java.launcher=SUN_STANDARD, user.country=US, sun.boot.library.path=C:\Program Files\Java\jdk-10.0.1\bin, sun.java.command=C:\Users\hscav\AppData\Local\Temp\surefire6179221553525038436\surefirebooter15012577656576540317.jar C:\Users\hscav\AppData\Local\Temp\surefire6179221553525038436 2018-06-04T01-00-15_760-jvmRun1 surefire15321775997981982496tmp surefire_016330643595848954271tmp, jdk.debug=release, surefire.test.class.path=E:\eclipse-workspace\db2array\target\test-classes;E:\eclipse-workspace\db2array\target\classes;C:\Users\hscav\.m2\repository\org\springframework\boot\spring-boot-starter\2.1.0.BUILD-SNAPSHOT\spring-boot-starter-2.1.0.BUILD-SNAPSHOT.jar;C:\Users\hscav\.m2\repository\org\springframework\boot\spring-boot\2.1.0.BUILD-SNAPSHOT\spring-boot-2.1.0.BUILD-SNAPSHOT.jar;C:\Users\hscav\.m2\repository\org\springframework\boot\spring-boot-autoconfigure\2.1.0.BUILD-SNAPSHOT\spring-boot-autoconfigure-2.1.0.BUILD-SNAPSHOT.jar;C:\Users\hscav\.m2\repository\org\springframework\boot\spring-boot-starter-logging\2.1.0.BUILD-SNAPSHOT\spring-boot-starter-logging-2.1.0.BUILD-SNAPSHOT.jar;C:\Users\hscav\.m2\repository\org\apache\logging\log4j\log4j-to-slf4j\2.10.0\log4j-to-slf4j-2.10.0.jar;C:\Users\hscav\.m2\repository\org\apache\logging\log4j\log4j-api\2.10.0\log4j-api-2.10.0.jar;C:\Users\hscav\.m2\repository\org\slf4j\jul-to-slf4j\1.7.25\jul-to-slf4j-1.7.25.jar;C:\Users\hscav\.m2\repository\javax\annotation\javax.annotation-api\1.3.2\javax.annotation-api-1.3.2.jar;C:\Users\hscav\.m2\repository\org\springframework\spring-core\5.0.6.RELEASE\spring-core-5.0.6.RELEASE.jar;C:\Users\hscav\.m2\repository\org\springframework\spring-jcl\5.0.6.RELEASE\spring-jcl-5.0.6.RELEASE.jar;C:\Users\hscav\.m2\repository\org\yaml\snakeyaml\1.19\snakeyaml-1.19.jar;C:\Users\hscav\.m2\repository\org\springframework\boot\spring-boot-starter-test\2.1.0.BUILD-SNAPSHOT\spring-boot-starter-test-2.1.0.BUILD-SNAPSHOT.jar;C:\Users\hscav\.m2\repository\org\springframework\boot\spring-boot-test\2.1.0.BUILD-SNAPSHOT\spring-boot-test-2.1.0.BUILD-SNAPSHOT.jar;C:\Users\hscav\.m2\repository\org\springframework\boot\spring-boot-test-autoconfigure\2.1.0.BUILD-SNAPSHOT\spring-boot-test-autoconfigure-2.1.0.BUILD-SNAPSHOT.jar;C:\Users\hscav\.m2\repository\com\jayway\jsonpath\json-path\2.4.0\json-path-2.4.0.jar;C:\Users\hscav\.m2\repository\net\minidev\json-smart\2.3\json-smart-2.3.jar;C:\Users\hscav\.m2\repository\net\minidev\accessors-smart\1.2\accessors-smart-1.2.jar;C:\Users\hscav\.m2\repository\org\ow2\asm\asm\5.0.4\asm-5.0.4.jar;C:\Users\hscav\.m2\repository\junit\junit\4.12\junit-4.12.jar;C:\Users\hscav\.m2\repository\org\mockito\mockito-core\2.18.3\mockito-core-2.18.3.jar;C:\Users\hscav\.m2\repository\net\bytebuddy\byte-buddy\1.7.11\byte-buddy-1.7.11.jar;C:\Users\hscav\.m2\repository\net\bytebuddy\byte-buddy-agent\1.7.11\byte-buddy-agent-1.7.11.jar;C:\Users\hscav\.m2\repository\org\objenesis\objenesis\2.6\objenesis-2.6.jar;C:\Users\hscav\.m2\repository\org\hamcrest\hamcrest-core\1.3\hamcrest-core-1.3.jar;C:\Users\hscav\.m2\repository\org\hamcrest\hamcrest-library\1.3\hamcrest-library-1.3.jar;C:\Users\hscav\.m2\repository\org\skyscreamer\jsonassert\1.5.0\jsonassert-1.5.0.jar;C:\Users\hscav\.m2\repository\com\vaadin\external\google\android-json\0.0.20131108.vaadin1\android-json-0.0.20131108.vaadin1.jar;C:\Users\hscav\.m2\repository\org\xmlunit\xmlunit-core\2.5.1\xmlunit-core-2.5.1.jar;C:\Users\hscav\.m2\repository\org\apache\commons\commons-lang3\3.7\commons-lang3-3.7.jar;C:\Users\hscav\.m2\repository\com\ibm\db2\jcc\db2jcc4\10.1\db2jcc4-10.1.jar;C:\Users\hscav\.m2\repository\com\ibm\db2\db2jcc_license_cu\10.1\db2jcc_license_cu-10.1.jar;C:\Users\hscav\.m2\repository\org\mybatis\mybatis\3.4.6\mybatis-3.4.6.jar;C:\Users\hscav\.m2\repository\org\mybatis\mybatis-spring\1.3.2\mybatis-spring-1.3.2.jar;C:\Users\hscav\.m2\repository\org\springframework\spring-context\5.0.6.RELEASE\spring-context-5.0.6.RELEASE.jar;C:\Users\hscav\.m2\repository\org\springframework\spring-aop\5.0.6.RELEASE\spring-aop-5.0.6.RELEASE.jar;C:\Users\hscav\.m2\repository\org\springframework\spring-beans\5.0.6.RELEASE\spring-beans-5.0.6.RELEASE.jar;C:\Users\hscav\.m2\repository\org\springframework\spring-expression\5.0.6.RELEASE\spring-expression-5.0.6.RELEASE.jar;C:\Users\hscav\.m2\repository\org\springframework\spring-jdbc\5.0.6.RELEASE\spring-jdbc-5.0.6.RELEASE.jar;C:\Users\hscav\.m2\repository\org\springframework\spring-tx\5.0.6.RELEASE\spring-tx-5.0.6.RELEASE.jar;C:\Users\hscav\.m2\repository\org\springframework\spring-test\5.0.6.RELEASE\spring-test-5.0.6.RELEASE.jar;C:\Users\hscav\.m2\repository\org\springframework\spring-web\5.0.6.RELEASE\spring-web-5.0.6.RELEASE.jar;C:\Users\hscav\.m2\repository\org\assertj\assertj-core\3.10.0\assertj-core-3.10.0.jar;C:\Users\hscav\.m2\repository\ch\qos\logback\logback-classic\1.1.11\logback-classic-1.1.11.jar;C:\Users\hscav\.m2\repository\ch\qos\logback\logback-core\1.2.3\logback-core-1.2.3.jar;C:\Users\hscav\.m2\repository\org\slf4j\slf4j-api\1.7.25\slf4j-api-1.7.25.jar;, sun.cpu.endian=little, user.home=C:\Users\hscav, user.language=en, java.specification.vendor=Oracle Corporation, java.version.date=2018-04-17, java.home=C:\Program Files\Java\jdk-10.0.1, file.separator=\, basedir=E:\eclipse-workspace\db2array, java.vm.compressedOopsMode=Zero based, line.separator=
, java.specification.name=Java Platform API Specification, java.vm.specification.vendor=Oracle Corporation, java.awt.graphicsenv=sun.awt.Win32GraphicsEnvironment, surefire.real.class.path=C:\Users\hscav\AppData\Local\Temp\surefire6179221553525038436\surefirebooter15012577656576540317.jar, user.script=, sun.management.compiler=HotSpot 64-Bit Tiered Compilers, java.runtime.version=10.0.1+10, user.name=hscav, path.separator=;, os.version=10.0, java.runtime.name=Java(TM) SE Runtime Environment, file.encoding=Cp1252, java.vm.name=Java HotSpot(TM) 64-Bit Server VM, java.vendor.version=18.3, localRepository=C:\Users\hscav\.m2\repository, java.vendor.url.bug=http://bugreport.java.com/bugreport/, java.io.tmpdir=C:\Users\hscav\AppData\Local\Temp\, java.version=10.0.1, user.dir=E:\eclipse-workspace\db2array, os.arch=amd64, java.vm.specification.name=Java Virtual Machine Specification, java.awt.printerjob=sun.awt.windows.WPrinterJob, sun.os.patch.level=, java.library.path=C:\Program Files\Java\jdk-10.0.1\bin;C:\Windows\Sun\Java\bin;C:\Windows\system32;C:\Windows;C:/Program Files/Java/jre1.8.0_171/bin/server;C:/Program Files/Java/jre1.8.0_171/bin;C:/Program Files/Java/jre1.8.0_171/lib/amd64;C:\Program Files (x86)\Common Files\Oracle\Java\javapath;C:\Windows\system32;C:\Windows;C:\Windows\System32\Wbem;C:\Windows\System32\WindowsPowerShell\v1.0\;C:\Windows\System32\OpenSSH\;C:\Program Files\Git\cmd;C:\Program Files\nodejs\;C:\Program Files\PuTTY\;C:\Program Files\ibm\gsk8\lib64;C:\Program Files (x86)\ibm\gsk8\lib;C:\PROGRA~1\IBM\SQLLIB\BIN;C:\PROGRA~1\IBM\SQLLIB\FUNCTION;C:\PROGRA~1\IBM\SQLLIB\SAMPLES\REPL;C:\Users\hscav\AppData\Local\Microsoft\WindowsApps;C:\Program Files\Microsoft VS Code\bin;C:\Users\hscav\AppData\Roaming\npm;C:\Program Files\Docker Toolbox;C:\Users\hscav\AppData\Local\GitHubDesktop\bin;E:\eclipse-jee-oxygen-3a-win32-x86_64;;., java.vendor=Oracle Corporation, java.vm.info=mixed mode, java.vm.version=10.0.1+10, sun.io.unicode.encoding=UnicodeLittle, java.class.version=54.0}}, SystemEnvironmentPropertySource@1350751778 {name='systemEnvironment', properties={PATH=C:/Program Files/Java/jre1.8.0_171/bin/server;C:/Program Files/Java/jre1.8.0_171/bin;C:/Program Files/Java/jre1.8.0_171/lib/amd64;C:\Program Files (x86)\Common Files\Oracle\Java\javapath;C:\Windows\system32;C:\Windows;C:\Windows\System32\Wbem;C:\Windows\System32\WindowsPowerShell\v1.0\;C:\Windows\System32\OpenSSH\;C:\Program Files\Git\cmd;C:\Program Files\nodejs\;C:\Program Files\PuTTY\;C:\Program Files\ibm\gsk8\lib64;C:\Program Files (x86)\ibm\gsk8\lib;C:\PROGRA~1\IBM\SQLLIB\BIN;C:\PROGRA~1\IBM\SQLLIB\FUNCTION;C:\PROGRA~1\IBM\SQLLIB\SAMPLES\REPL;C:\Users\hscav\AppData\Local\Microsoft\WindowsApps;C:\Program Files\Microsoft VS Code\bin;C:\Users\hscav\AppData\Roaming\npm;C:\Program Files\Docker Toolbox;C:\Users\hscav\AppData\Local\GitHubDesktop\bin;E:\eclipse-jee-oxygen-3a-win32-x86_64;, USERDOMAIN_ROAMINGPROFILE=DESKTOP-T0GS7O4, PROCESSOR_LEVEL=6, SYSTEMDRIVE=C:, SESSIONNAME=Console, ALLUSERSPROFILE=C:\ProgramData, PROCESSOR_ARCHITECTURE=AMD64, DRIVERDATA=C:\Windows\System32\Drivers\DriverData, =E:=E:\eclipse-workspace\db2array, PROGRAMFILES=C:\Program Files, PSMODULEPATH=C:\Program Files\WindowsPowerShell\Modules;C:\Windows\system32\WindowsPowerShell\v1.0\Modules, PROGRAMDATA=C:\ProgramData, USERNAME=hscav, INCLUDE=C:\PROGRA~1\IBM\SQLLIB\INCLUDE;C:\PROGRA~1\IBM\SQLLIB\LIB, FPS_BROWSER_USER_PROFILE_STRING=Default, ONEDRIVE=C:\Users\hscav\OneDrive, PATHEXT=.COM;.EXE;.BAT;.CMD;.VBS;.VBE;.JS;.JSE;.WSF;.WSH;.MSC, WINDIR=C:\Windows, HOMEPATH=\Users\hscav, PROCESSOR_IDENTIFIER=Intel64 Family 6 Model 26 Stepping 5, GenuineIntel, PUBLIC=C:\Users\Public, =::=::\, DB2INSTANCE=DB2, LOCALAPPDATA=C:\Users\hscav\AppData\Local, COMMONPROGRAMFILES(X86)=C:\Program Files (x86)\Common Files, USERDOMAIN=DESKTOP-T0GS7O4, FPS_BROWSER_APP_PROFILE_STRING=Internet Explorer, LOGONSERVER=\\DESKTOP-T0GS7O4, PROMPT=$P$G, PROGRAMFILES(X86)=C:\Program Files (x86), ASL.LOG=Destination=file, =C:=C:\, APPDATA=C:\Users\hscav\AppData\Roaming, PROGRAMW6432=C:\Program Files, SYSTEMROOT=C:\Windows, VBOX_MSI_INSTALL_PATH=C:\Program Files\Oracle\VirtualBox\, LIB=;C:\PROGRA~1\IBM\SQLLIB\LIB, OS=Windows_NT, COMMONPROGRAMW6432=C:\Program Files\Common Files, COMPUTERNAME=DESKTOP-T0GS7O4, COMMONPROGRAMFILES=C:\Program Files\Common Files, COMSPEC=C:\Windows\system32\cmd.exe, PROCESSOR_REVISION=1a05, CLASSPATH=.;C:\PROGRA~1\IBM\SQLLIB\java\db2java.zip;C:\PROGRA~1\IBM\SQLLIB\java\db2jcc.jar;C:\PROGRA~1\IBM\SQLLIB\java\sqlj.zip;C:\PROGRA~1\IBM\SQLLIB\java\db2jcc_license_cu.jar;C:\PROGRA~1\IBM\SQLLIB\bin;C:\PROGRA~1\IBM\SQLLIB\java\common.jar, TEMP=C:\Users\hscav\AppData\Local\Temp, HOMEDRIVE=C:, USERPROFILE=C:\Users\hscav, TMP=C:\Users\hscav\AppData\Local\Temp, NUMBER_OF_PROCESSORS=8, DOCKER_TOOLBOX_INSTALL_PATH=C:\Program Files\Docker Toolbox}}]
01:00:17.851 [main] DEBUG org.springframework.test.context.support.TestPropertySourceUtils - Adding inlined properties to environment: {spring.jmx.enabled=false, org.springframework.boot.test.context.SpringBootTestContextBootstrapper=true}
01:00:17.851 [main] DEBUG org.springframework.core.env.StandardEnvironment - Adding PropertySource 'Inlined Test Properties' with highest search precedence

  .   ____          _            __ _ _
 /\\ / ___'_ __ _ _(_)_ __  __ _ \ \ \ \
( ( )\___ | '_ | '_| | '_ \/ _` | \ \ \ \
 \\/  ___)| |_)| | | | | || (_| |  ) ) ) )
  '  |____| .__|_| |_|_| |_\__, | / / / /
 =========|_|==============|___/=/_/_/_/
 :: Spring Boot ::  (v2.1.0.BUILD-SNAPSHOT)

2018-06-04 01:00:18.213  INFO 12992 --- [           main] com.ijudy.mapper.EmployeeMapperTest      : Starting EmployeeMapperTest on DESKTOP-T0GS7O4 with PID 12992 (started by hscav in E:\eclipse-workspace\db2array)
2018-06-04 01:00:18.215  INFO 12992 --- [           main] com.ijudy.mapper.EmployeeMapperTest      : No active profile set, falling back to default profiles: default
2018-06-04 01:00:18.259  INFO 12992 --- [           main] s.c.a.AnnotationConfigApplicationContext : Refreshing org.springframework.context.annotation.AnnotationConfigApplicationContext@101639ae: startup date [Mon Jun 04 01:00:18 EDT 2018]; root of context hierarchy
2018-06-04 01:00:18.463  INFO 12992 --- [           main] com.ijudy.mapper.EmployeeMapperTest      : Started EmployeeMapperTest in 0.608 seconds (JVM running for 1.559)
2018-06-04 01:00:18.480 ERROR 12992 --- [           main] o.s.test.context.TestContextManager      : Caught exception while allowing TestExecutionListener [org.springframework.boot.test.autoconfigure.SpringBootDependencyInjectionTestExecutionListener@6ea2bc93] to prepare test instance [com.ijudy.mapper.EmployeeMapperTest@379614be]

org.springframework.beans.factory.UnsatisfiedDependencyException: Error creating bean with name 'com.ijudy.mapper.EmployeeMapperTest': Unsatisfied dependency expressed through field 'mapper'; nested exception is org.springframework.beans.factory.NoSuchBeanDefinitionException: No qualifying bean of type 'com.ijudy.mapper.EmployeeMapper' available: expected at least 1 bean which qualifies as autowire candidate. Dependency annotations: {@org.springframework.beans.factory.annotation.Autowired(required=true)}
	at org.springframework.beans.factory.annotation.AutowiredAnnotationBeanPostProcessor$AutowiredFieldElement.inject(AutowiredAnnotationBeanPostProcessor.java:587) ~[spring-beans-5.0.6.RELEASE.jar:5.0.6.RELEASE]
	at org.springframework.beans.factory.annotation.InjectionMetadata.inject(InjectionMetadata.java:91) ~[spring-beans-5.0.6.RELEASE.jar:5.0.6.RELEASE]
	at org.springframework.beans.factory.annotation.AutowiredAnnotationBeanPostProcessor.postProcessPropertyValues(AutowiredAnnotationBeanPostProcessor.java:373) ~[spring-beans-5.0.6.RELEASE.jar:5.0.6.RELEASE]
	at org.springframework.beans.factory.support.AbstractAutowireCapableBeanFactory.populateBean(AbstractAutowireCapableBeanFactory.java:1348) ~[spring-beans-5.0.6.RELEASE.jar:5.0.6.RELEASE]
	at org.springframework.beans.factory.support.AbstractAutowireCapableBeanFactory.autowireBeanProperties(AbstractAutowireCapableBeanFactory.java:399) ~[spring-beans-5.0.6.RELEASE.jar:5.0.6.RELEASE]
	at org.springframework.test.context.support.DependencyInjectionTestExecutionListener.injectDependencies(DependencyInjectionTestExecutionListener.java:118) ~[spring-test-5.0.6.RELEASE.jar:5.0.6.RELEASE]
	at org.springframework.test.context.support.DependencyInjectionTestExecutionListener.prepareTestInstance(DependencyInjectionTestExecutionListener.java:83) ~[spring-test-5.0.6.RELEASE.jar:5.0.6.RELEASE]
	at org.springframework.boot.test.autoconfigure.SpringBootDependencyInjectionTestExecutionListener.prepareTestInstance(SpringBootDependencyInjectionTestExecutionListener.java:44) ~[spring-boot-test-autoconfigure-2.1.0.BUILD-SNAPSHOT.jar:2.1.0.BUILD-SNAPSHOT]
	at org.springframework.test.context.TestContextManager.prepareTestInstance(TestContextManager.java:246) ~[spring-test-5.0.6.RELEASE.jar:5.0.6.RELEASE]
	at org.springframework.test.context.junit4.SpringJUnit4ClassRunner.createTest(SpringJUnit4ClassRunner.java:227) [spring-test-5.0.6.RELEASE.jar:5.0.6.RELEASE]
	at org.springframework.test.context.junit4.SpringJUnit4ClassRunner$1.runReflectiveCall(SpringJUnit4ClassRunner.java:289) [spring-test-5.0.6.RELEASE.jar:5.0.6.RELEASE]
	at org.junit.internal.runners.model.ReflectiveCallable.run(ReflectiveCallable.java:12) [junit-4.12.jar:4.12]
	at org.springframework.test.context.junit4.SpringJUnit4ClassRunner.methodBlock(SpringJUnit4ClassRunner.java:291) [spring-test-5.0.6.RELEASE.jar:5.0.6.RELEASE]
	at org.springframework.test.context.junit4.SpringJUnit4ClassRunner.runChild(SpringJUnit4ClassRunner.java:246) [spring-test-5.0.6.RELEASE.jar:5.0.6.RELEASE]
	at org.springframework.test.context.junit4.SpringJUnit4ClassRunner.runChild(SpringJUnit4ClassRunner.java:97) [spring-test-5.0.6.RELEASE.jar:5.0.6.RELEASE]
	at org.junit.runners.ParentRunner$3.run(ParentRunner.java:290) [junit-4.12.jar:4.12]
	at org.junit.runners.ParentRunner$1.schedule(ParentRunner.java:71) [junit-4.12.jar:4.12]
	at org.junit.runners.ParentRunner.runChildren(ParentRunner.java:288) [junit-4.12.jar:4.12]
	at org.junit.runners.ParentRunner.access$000(ParentRunner.java:58) [junit-4.12.jar:4.12]
	at org.junit.runners.ParentRunner$2.evaluate(ParentRunner.java:268) [junit-4.12.jar:4.12]
	at org.springframework.test.context.junit4.statements.RunBeforeTestClassCallbacks.evaluate(RunBeforeTestClassCallbacks.java:61) [spring-test-5.0.6.RELEASE.jar:5.0.6.RELEASE]
	at org.springframework.test.context.junit4.statements.RunAfterTestClassCallbacks.evaluate(RunAfterTestClassCallbacks.java:70) [spring-test-5.0.6.RELEASE.jar:5.0.6.RELEASE]
	at org.junit.runners.ParentRunner.run(ParentRunner.java:363) [junit-4.12.jar:4.12]
	at org.springframework.test.context.junit4.SpringJUnit4ClassRunner.run(SpringJUnit4ClassRunner.java:190) [spring-test-5.0.6.RELEASE.jar:5.0.6.RELEASE]
	at org.apache.maven.surefire.junit4.JUnit4Provider.execute(JUnit4Provider.java:365) [surefire-junit4-2.21.0.jar:2.21.0]
	at org.apache.maven.surefire.junit4.JUnit4Provider.executeWithRerun(JUnit4Provider.java:273) [surefire-junit4-2.21.0.jar:2.21.0]
	at org.apache.maven.surefire.junit4.JUnit4Provider.executeTestSet(JUnit4Provider.java:238) [surefire-junit4-2.21.0.jar:2.21.0]
	at org.apache.maven.surefire.junit4.JUnit4Provider.invoke(JUnit4Provider.java:159) [surefire-junit4-2.21.0.jar:2.21.0]
	at org.apache.maven.surefire.booter.ForkedBooter.invokeProviderInSameClassLoader(ForkedBooter.java:379) [surefire-booter-2.21.0.jar:2.21.0]
	at org.apache.maven.surefire.booter.ForkedBooter.runSuitesInProcess(ForkedBooter.java:340) [surefire-booter-2.21.0.jar:2.21.0]
	at org.apache.maven.surefire.booter.ForkedBooter.execute(ForkedBooter.java:125) [surefire-booter-2.21.0.jar:2.21.0]
	at org.apache.maven.surefire.booter.ForkedBooter.main(ForkedBooter.java:413) [surefire-booter-2.21.0.jar:2.21.0]
Caused by: org.springframework.beans.factory.NoSuchBeanDefinitionException: No qualifying bean of type 'com.ijudy.mapper.EmployeeMapper' available: expected at least 1 bean which qualifies as autowire candidate. Dependency annotations: {@org.springframework.beans.factory.annotation.Autowired(required=true)}
	at org.springframework.beans.factory.support.DefaultListableBeanFactory.raiseNoMatchingBeanFound(DefaultListableBeanFactory.java:1509) ~[spring-beans-5.0.6.RELEASE.jar:5.0.6.RELEASE]
	at org.springframework.beans.factory.support.DefaultListableBeanFactory.doResolveDependency(DefaultListableBeanFactory.java:1104) ~[spring-beans-5.0.6.RELEASE.jar:5.0.6.RELEASE]
	at org.springframework.beans.factory.support.DefaultListableBeanFactory.resolveDependency(DefaultListableBeanFactory.java:1065) ~[spring-beans-5.0.6.RELEASE.jar:5.0.6.RELEASE]
	at org.springframework.beans.factory.annotation.AutowiredAnnotationBeanPostProcessor$AutowiredFieldElement.inject(AutowiredAnnotationBeanPostProcessor.java:584) ~[spring-beans-5.0.6.RELEASE.jar:5.0.6.RELEASE]
	... 31 common frames omitted

]]></system-out>
    <system-err><![CDATA[


============================
CONDITIONS EVALUATION REPORT
============================


Positive matches:
-----------------

    None


Negative matches:
-----------------

    None


Exclusions:
-----------

    None


Unconditional classes:
----------------------

    None



]]></system-err>
  </testcase>
</testsuite>